  MainPRGR_2024.cpp
C:\Users\Equipo\Downloads\PG\ProgGrafica_2024\lib\Vector4f.h(84,18): warning C4244: 'return': conversión de 'double' a 'float'; posible pérdida de datos
  (compilando archivo de origen "MainPRGR_2024.cpp")
  
C:\Users\Equipo\Downloads\PG\ProgGrafica_2024\MainPRGR_2024.cpp(51,40): warning C4244: '=': conversión de 'double' a 'float'; posible pérdida de datos
C:\Users\Equipo\Downloads\PG\ProgGrafica_2024\MainPRGR_2024.cpp(71,73): warning C4244: '+=': conversión de 'double' a 'float'; posible pérdida de datos
C:\Users\Equipo\Downloads\PG\ProgGrafica_2024\MainPRGR_2024.cpp(72,73): warning C4244: '-=': conversión de 'double' a 'float'; posible pérdida de datos
C:\Users\Equipo\Downloads\PG\ProgGrafica_2024\MainPRGR_2024.cpp(73,73): warning C4244: '-=': conversión de 'double' a 'float'; posible pérdida de datos
C:\Users\Equipo\Downloads\PG\ProgGrafica_2024\MainPRGR_2024.cpp(74,73): warning C4244: '+=': conversión de 'double' a 'float'; posible pérdida de datos
C:\Users\Equipo\Downloads\PG\ProgGrafica_2024\MainPRGR_2024.cpp(136,34): warning C4244: '=': conversión de 'int' a 'float'; posible pérdida de datos
C:\Users\Equipo\Downloads\PG\ProgGrafica_2024\MainPRGR_2024.cpp(145,56): warning C4244: 'argumento': conversión de 'double' a 'float'; posible pérdida de datos
C:\Users\Equipo\Downloads\PG\ProgGrafica_2024\MainPRGR_2024.cpp(160,96): warning C4305: 'argumento': truncamiento de 'double' a 'float'
  Light.cpp
C:\Users\Equipo\Downloads\PG\ProgGrafica_2024\lib\Vector4f.h(84,18): warning C4244: 'return': conversión de 'double' a 'float'; posible pérdida de datos
  (compilando archivo de origen "lib/Light.cpp")
  
  Render.cpp
C:\Users\Equipo\Downloads\PG\ProgGrafica_2024\lib\Vector4f.h(84,18): warning C4244: 'return': conversión de 'double' a 'float'; posible pérdida de datos
  (compilando archivo de origen "lib/Render.cpp")
  
C:\Users\Equipo\Downloads\PG\ProgGrafica_2024\lib\Render.cpp(133,79): warning C4267: 'argumento': conversión de 'size_t' a 'GLsizei'; posible pérdida de datos
C:\Users\Equipo\Downloads\PG\ProgGrafica_2024\lib\Render.cpp(186,40): warning C4267: 'argumento': conversión de 'size_t' a '_Ty'; posible pérdida de datos
C:\Users\Equipo\Downloads\PG\ProgGrafica_2024\lib\Render.cpp(186,40): warning C4267:         with
C:\Users\Equipo\Downloads\PG\ProgGrafica_2024\lib\Render.cpp(186,40): warning C4267:         [
C:\Users\Equipo\Downloads\PG\ProgGrafica_2024\lib\Render.cpp(186,40): warning C4267:             _Ty=int
C:\Users\Equipo\Downloads\PG\ProgGrafica_2024\lib\Render.cpp(186,40): warning C4267:         ]
C:\Users\Equipo\Downloads\PG\ProgGrafica_2024\lib\Render.cpp(189,16): warning C4267: 'argumento': conversión de 'size_t' a 'int'; posible pérdida de datos
  RenderProgram.cpp
C:\Users\Equipo\Downloads\PG\ProgGrafica_2024\lib\Vector4f.h(84,18): warning C4244: 'return': conversión de 'double' a 'float'; posible pérdida de datos
  (compilando archivo de origen "lib/RenderProgram.cpp")
  
C:\Users\Equipo\Downloads\PG\ProgGrafica_2024\lib\RenderProgram.cpp(43,7): warning C4101: 'errorLog': variable local sin referencia
C:\Users\Equipo\Downloads\PG\ProgGrafica_2024\lib\RenderProgram.cpp(42,8): warning C4101: 'retCode': variable local sin referencia
C:\Users\Equipo\Downloads\PG\ProgGrafica_2024\lib\RenderProgram.cpp(229,58): warning C4267: 'argumento': conversión de 'size_t' a 'GLsizei'; posible pérdida de datos
  Generando código...
C:\Users\Equipo\Downloads\PG\ProgGrafica_2024\lib\RenderProgram.cpp(193,1): warning C4715: 'Program::getUniformLocation': no todas las rutas de acceso de control devuelven un valor
  ProgGrafica_2024.vcxproj -> C:\Users\Equipo\Downloads\PG\x64\Debug\ProgGrafica_2024.exe
