c:\users\samce\desktop\uni 4\proyectos4grafica\proyecto-portals\proggrafica_2024\x64\debug\vc143.pdb
c:\users\samce\desktop\uni 4\proyectos4grafica\proyecto-portals\proggrafica_2024\x64\debug\vc143.idb
c:\users\samce\desktop\uni_4\proyectos4grafica\proyecto-portals\proggrafica_2024\x64\debug\vc143.pdb
c:\users\samce\desktop\uni_4\proyectos4grafica\proyecto-portals\proggrafica_2024\x64\debug\vc143.idb
c:\users\juanl\desktop\proyecto-portals\proggrafica_2024\x64\debug\vc143.pdb
c:\users\juanl\desktop\proyecto-portals\proggrafica_2024\x64\debug\vc143.idb
c:\users\juanl\desktop\proyecto-portals\proggrafica_2024\x64\debug\main.obj
c:\users\juanl\desktop\proyecto-portals\proggrafica_2024\x64\debug\tinyxml2.obj
c:\users\juanl\desktop\proyecto-portals\proggrafica_2024\x64\debug\texture.obj
c:\users\juanl\desktop\proyecto-portals\proggrafica_2024\x64\debug\renderprogram.obj
c:\users\juanl\desktop\proyecto-portals\proggrafica_2024\x64\debug\render.obj
c:\users\juanl\desktop\proyecto-portals\proggrafica_2024\x64\debug\player.obj
c:\users\juanl\desktop\proyecto-portals\proggrafica_2024\x64\debug\object.obj
c:\users\juanl\desktop\proyecto-portals\proggrafica_2024\x64\debug\map.obj
c:\users\juanl\desktop\proyecto-portals\proggrafica_2024\x64\debug\keyframe.obj
c:\users\juanl\desktop\proyecto-portals\proggrafica_2024\x64\debug\jointtransform.obj
c:\users\juanl\desktop\proyecto-portals\proggrafica_2024\x64\debug\joint.obj
c:\users\juanl\desktop\proyecto-portals\proggrafica_2024\x64\debug\inputmanager.obj
c:\users\juanl\desktop\proyecto-portals\proggrafica_2024\x64\debug\camera.obj
c:\users\juanl\desktop\proyecto-portals\proggrafica_2024\x64\debug\animator.obj
c:\users\juanl\desktop\proyecto-portals\proggrafica_2024\x64\debug\animation.obj
c:\users\juanl\desktop\proyecto-portals\proggrafica_2024\x64\debug\collider.obj
c:\users\juanl\desktop\proyecto-portals\proggrafica_2024\x64\debug\proggrafica_2024.ilk
c:\users\juanl\desktop\proyecto-portals\proggrafica_2024\x64\debug\main.obj.enc
c:\users\juanl\desktop\proyecto-portals\proggrafica_2024\x64\debug\map.obj.enc
c:\users\juanl\desktop\proyecto-portals\x64\debug\proggrafica_2024.pdb
c:\users\juanl\desktop\proyecto-portals\proggrafica_2024\x64\debug\proggrafica_2024.tlog\cl.command.1.tlog
c:\users\juanl\desktop\proyecto-portals\proggrafica_2024\x64\debug\proggrafica_2024.tlog\cl.items.tlog
c:\users\juanl\desktop\proyecto-portals\proggrafica_2024\x64\debug\proggrafica_2024.tlog\cl.read.1.tlog
c:\users\juanl\desktop\proyecto-portals\proggrafica_2024\x64\debug\proggrafica_2024.tlog\cl.write.1.tlog
c:\users\juanl\desktop\proyecto-portals\proggrafica_2024\x64\debug\proggrafica_2024.tlog\link-cvtres.read.1.tlog
c:\users\juanl\desktop\proyecto-portals\proggrafica_2024\x64\debug\proggrafica_2024.tlog\link-cvtres.write.1.tlog
c:\users\juanl\desktop\proyecto-portals\proggrafica_2024\x64\debug\proggrafica_2024.tlog\link-rc.read.1.tlog
c:\users\juanl\desktop\proyecto-portals\proggrafica_2024\x64\debug\proggrafica_2024.tlog\link-rc.write.1.tlog
c:\users\juanl\desktop\proyecto-portals\proggrafica_2024\x64\debug\proggrafica_2024.tlog\link.command.1.tlog
c:\users\juanl\desktop\proyecto-portals\proggrafica_2024\x64\debug\proggrafica_2024.tlog\link.read.1.tlog
c:\users\juanl\desktop\proyecto-portals\proggrafica_2024\x64\debug\proggrafica_2024.tlog\link.read.2.tlog
c:\users\juanl\desktop\proyecto-portals\proggrafica_2024\x64\debug\proggrafica_2024.tlog\link.read.3.tlog
c:\users\juanl\desktop\proyecto-portals\proggrafica_2024\x64\debug\proggrafica_2024.tlog\link.read.4.tlog
c:\users\juanl\desktop\proyecto-portals\proggrafica_2024\x64\debug\proggrafica_2024.tlog\link.secondary.1.tlog
c:\users\juanl\desktop\proyecto-portals\proggrafica_2024\x64\debug\proggrafica_2024.tlog\link.write.1.tlog
