  Main.cpp
  Object.cpp
C:\Users\cueva\OneDrive\Escritorio\Clases\INSO 4C\Proyectos 4\Proyecto Grafica\proyecto-portals\ProgGrafica_2024\lib\Object.cpp(42,62): warning C4244: '-=': conversión de 'double' a 'T'; posible pérdida de datos
C:\Users\cueva\OneDrive\Escritorio\Clases\INSO 4C\Proyectos 4\Proyecto Grafica\proyecto-portals\ProgGrafica_2024\lib\Object.cpp(42,62): warning C4244:         with
C:\Users\cueva\OneDrive\Escritorio\Clases\INSO 4C\Proyectos 4\Proyecto Grafica\proyecto-portals\ProgGrafica_2024\lib\Object.cpp(42,62): warning C4244:         [
C:\Users\cueva\OneDrive\Escritorio\Clases\INSO 4C\Proyectos 4\Proyecto Grafica\proyecto-portals\ProgGrafica_2024\lib\Object.cpp(42,62): warning C4244:             T=float
C:\Users\cueva\OneDrive\Escritorio\Clases\INSO 4C\Proyectos 4\Proyecto Grafica\proyecto-portals\ProgGrafica_2024\lib\Object.cpp(42,62): warning C4244:         ]
C:\Users\cueva\OneDrive\Escritorio\Clases\INSO 4C\Proyectos 4\Proyecto Grafica\proyecto-portals\ProgGrafica_2024\lib\Object.cpp(43,62): warning C4244: '+=': conversión de 'double' a 'T'; posible pérdida de datos
C:\Users\cueva\OneDrive\Escritorio\Clases\INSO 4C\Proyectos 4\Proyecto Grafica\proyecto-portals\ProgGrafica_2024\lib\Object.cpp(43,62): warning C4244:         with
C:\Users\cueva\OneDrive\Escritorio\Clases\INSO 4C\Proyectos 4\Proyecto Grafica\proyecto-portals\ProgGrafica_2024\lib\Object.cpp(43,62): warning C4244:         [
C:\Users\cueva\OneDrive\Escritorio\Clases\INSO 4C\Proyectos 4\Proyecto Grafica\proyecto-portals\ProgGrafica_2024\lib\Object.cpp(43,62): warning C4244:             T=float
C:\Users\cueva\OneDrive\Escritorio\Clases\INSO 4C\Proyectos 4\Proyecto Grafica\proyecto-portals\ProgGrafica_2024\lib\Object.cpp(43,62): warning C4244:         ]
C:\Users\cueva\OneDrive\Escritorio\Clases\INSO 4C\Proyectos 4\Proyecto Grafica\proyecto-portals\ProgGrafica_2024\lib\Object.cpp(44,62): warning C4244: '+=': conversión de 'double' a 'T'; posible pérdida de datos
C:\Users\cueva\OneDrive\Escritorio\Clases\INSO 4C\Proyectos 4\Proyecto Grafica\proyecto-portals\ProgGrafica_2024\lib\Object.cpp(44,62): warning C4244:         with
C:\Users\cueva\OneDrive\Escritorio\Clases\INSO 4C\Proyectos 4\Proyecto Grafica\proyecto-portals\ProgGrafica_2024\lib\Object.cpp(44,62): warning C4244:         [
C:\Users\cueva\OneDrive\Escritorio\Clases\INSO 4C\Proyectos 4\Proyecto Grafica\proyecto-portals\ProgGrafica_2024\lib\Object.cpp(44,62): warning C4244:             T=float
C:\Users\cueva\OneDrive\Escritorio\Clases\INSO 4C\Proyectos 4\Proyecto Grafica\proyecto-portals\ProgGrafica_2024\lib\Object.cpp(44,62): warning C4244:         ]
C:\Users\cueva\OneDrive\Escritorio\Clases\INSO 4C\Proyectos 4\Proyecto Grafica\proyecto-portals\ProgGrafica_2024\lib\Object.cpp(45,62): warning C4244: '-=': conversión de 'double' a 'T'; posible pérdida de datos
C:\Users\cueva\OneDrive\Escritorio\Clases\INSO 4C\Proyectos 4\Proyecto Grafica\proyecto-portals\ProgGrafica_2024\lib\Object.cpp(45,62): warning C4244:         with
C:\Users\cueva\OneDrive\Escritorio\Clases\INSO 4C\Proyectos 4\Proyecto Grafica\proyecto-portals\ProgGrafica_2024\lib\Object.cpp(45,62): warning C4244:         [
C:\Users\cueva\OneDrive\Escritorio\Clases\INSO 4C\Proyectos 4\Proyecto Grafica\proyecto-portals\ProgGrafica_2024\lib\Object.cpp(45,62): warning C4244:             T=float
C:\Users\cueva\OneDrive\Escritorio\Clases\INSO 4C\Proyectos 4\Proyecto Grafica\proyecto-portals\ProgGrafica_2024\lib\Object.cpp(45,62): warning C4244:         ]
C:\Users\cueva\OneDrive\Escritorio\Clases\INSO 4C\Proyectos 4\Proyecto Grafica\proyecto-portals\ProgGrafica_2024\lib\Object.cpp(47,62): warning C4244: '+=': conversión de 'double' a 'T'; posible pérdida de datos
C:\Users\cueva\OneDrive\Escritorio\Clases\INSO 4C\Proyectos 4\Proyecto Grafica\proyecto-portals\ProgGrafica_2024\lib\Object.cpp(47,62): warning C4244:         with
C:\Users\cueva\OneDrive\Escritorio\Clases\INSO 4C\Proyectos 4\Proyecto Grafica\proyecto-portals\ProgGrafica_2024\lib\Object.cpp(47,62): warning C4244:         [
C:\Users\cueva\OneDrive\Escritorio\Clases\INSO 4C\Proyectos 4\Proyecto Grafica\proyecto-portals\ProgGrafica_2024\lib\Object.cpp(47,62): warning C4244:             T=float
C:\Users\cueva\OneDrive\Escritorio\Clases\INSO 4C\Proyectos 4\Proyecto Grafica\proyecto-portals\ProgGrafica_2024\lib\Object.cpp(47,62): warning C4244:         ]
C:\Users\cueva\OneDrive\Escritorio\Clases\INSO 4C\Proyectos 4\Proyecto Grafica\proyecto-portals\ProgGrafica_2024\lib\Object.cpp(48,62): warning C4244: '-=': conversión de 'double' a 'T'; posible pérdida de datos
C:\Users\cueva\OneDrive\Escritorio\Clases\INSO 4C\Proyectos 4\Proyecto Grafica\proyecto-portals\ProgGrafica_2024\lib\Object.cpp(48,62): warning C4244:         with
C:\Users\cueva\OneDrive\Escritorio\Clases\INSO 4C\Proyectos 4\Proyecto Grafica\proyecto-portals\ProgGrafica_2024\lib\Object.cpp(48,62): warning C4244:         [
C:\Users\cueva\OneDrive\Escritorio\Clases\INSO 4C\Proyectos 4\Proyecto Grafica\proyecto-portals\ProgGrafica_2024\lib\Object.cpp(48,62): warning C4244:             T=float
C:\Users\cueva\OneDrive\Escritorio\Clases\INSO 4C\Proyectos 4\Proyecto Grafica\proyecto-portals\ProgGrafica_2024\lib\Object.cpp(48,62): warning C4244:         ]
C:\Users\cueva\OneDrive\Escritorio\Clases\INSO 4C\Proyectos 4\Proyecto Grafica\proyecto-portals\ProgGrafica_2024\lib\Object.cpp(50,59): warning C4244: '-=': conversión de 'double' a 'T'; posible pérdida de datos
C:\Users\cueva\OneDrive\Escritorio\Clases\INSO 4C\Proyectos 4\Proyecto Grafica\proyecto-portals\ProgGrafica_2024\lib\Object.cpp(50,59): warning C4244:         with
C:\Users\cueva\OneDrive\Escritorio\Clases\INSO 4C\Proyectos 4\Proyecto Grafica\proyecto-portals\ProgGrafica_2024\lib\Object.cpp(50,59): warning C4244:         [
C:\Users\cueva\OneDrive\Escritorio\Clases\INSO 4C\Proyectos 4\Proyecto Grafica\proyecto-portals\ProgGrafica_2024\lib\Object.cpp(50,59): warning C4244:             T=float
C:\Users\cueva\OneDrive\Escritorio\Clases\INSO 4C\Proyectos 4\Proyecto Grafica\proyecto-portals\ProgGrafica_2024\lib\Object.cpp(50,59): warning C4244:         ]
C:\Users\cueva\OneDrive\Escritorio\Clases\INSO 4C\Proyectos 4\Proyecto Grafica\proyecto-portals\ProgGrafica_2024\lib\Object.cpp(51,59): warning C4244: '-=': conversión de 'double' a 'T'; posible pérdida de datos
C:\Users\cueva\OneDrive\Escritorio\Clases\INSO 4C\Proyectos 4\Proyecto Grafica\proyecto-portals\ProgGrafica_2024\lib\Object.cpp(51,59): warning C4244:         with
C:\Users\cueva\OneDrive\Escritorio\Clases\INSO 4C\Proyectos 4\Proyecto Grafica\proyecto-portals\ProgGrafica_2024\lib\Object.cpp(51,59): warning C4244:         [
C:\Users\cueva\OneDrive\Escritorio\Clases\INSO 4C\Proyectos 4\Proyecto Grafica\proyecto-portals\ProgGrafica_2024\lib\Object.cpp(51,59): warning C4244:             T=float
C:\Users\cueva\OneDrive\Escritorio\Clases\INSO 4C\Proyectos 4\Proyecto Grafica\proyecto-portals\ProgGrafica_2024\lib\Object.cpp(51,59): warning C4244:         ]
C:\Users\cueva\OneDrive\Escritorio\Clases\INSO 4C\Proyectos 4\Proyecto Grafica\proyecto-portals\ProgGrafica_2024\lib\Object.cpp(52,59): warning C4244: '-=': conversión de 'double' a 'T'; posible pérdida de datos
C:\Users\cueva\OneDrive\Escritorio\Clases\INSO 4C\Proyectos 4\Proyecto Grafica\proyecto-portals\ProgGrafica_2024\lib\Object.cpp(52,59): warning C4244:         with
C:\Users\cueva\OneDrive\Escritorio\Clases\INSO 4C\Proyectos 4\Proyecto Grafica\proyecto-portals\ProgGrafica_2024\lib\Object.cpp(52,59): warning C4244:         [
C:\Users\cueva\OneDrive\Escritorio\Clases\INSO 4C\Proyectos 4\Proyecto Grafica\proyecto-portals\ProgGrafica_2024\lib\Object.cpp(52,59): warning C4244:             T=float
C:\Users\cueva\OneDrive\Escritorio\Clases\INSO 4C\Proyectos 4\Proyecto Grafica\proyecto-portals\ProgGrafica_2024\lib\Object.cpp(52,59): warning C4244:         ]
C:\Users\cueva\OneDrive\Escritorio\Clases\INSO 4C\Proyectos 4\Proyecto Grafica\proyecto-portals\ProgGrafica_2024\lib\Object.cpp(53,59): warning C4244: '+=': conversión de 'double' a 'T'; posible pérdida de datos
C:\Users\cueva\OneDrive\Escritorio\Clases\INSO 4C\Proyectos 4\Proyecto Grafica\proyecto-portals\ProgGrafica_2024\lib\Object.cpp(53,59): warning C4244:         with
C:\Users\cueva\OneDrive\Escritorio\Clases\INSO 4C\Proyectos 4\Proyecto Grafica\proyecto-portals\ProgGrafica_2024\lib\Object.cpp(53,59): warning C4244:         [
C:\Users\cueva\OneDrive\Escritorio\Clases\INSO 4C\Proyectos 4\Proyecto Grafica\proyecto-portals\ProgGrafica_2024\lib\Object.cpp(53,59): warning C4244:             T=float
C:\Users\cueva\OneDrive\Escritorio\Clases\INSO 4C\Proyectos 4\Proyecto Grafica\proyecto-portals\ProgGrafica_2024\lib\Object.cpp(53,59): warning C4244:         ]
C:\Users\cueva\OneDrive\Escritorio\Clases\INSO 4C\Proyectos 4\Proyecto Grafica\proyecto-portals\ProgGrafica_2024\lib\Object.cpp(54,59): warning C4244: '+=': conversión de 'double' a 'T'; posible pérdida de datos
C:\Users\cueva\OneDrive\Escritorio\Clases\INSO 4C\Proyectos 4\Proyecto Grafica\proyecto-portals\ProgGrafica_2024\lib\Object.cpp(54,59): warning C4244:         with
C:\Users\cueva\OneDrive\Escritorio\Clases\INSO 4C\Proyectos 4\Proyecto Grafica\proyecto-portals\ProgGrafica_2024\lib\Object.cpp(54,59): warning C4244:         [
C:\Users\cueva\OneDrive\Escritorio\Clases\INSO 4C\Proyectos 4\Proyecto Grafica\proyecto-portals\ProgGrafica_2024\lib\Object.cpp(54,59): warning C4244:             T=float
C:\Users\cueva\OneDrive\Escritorio\Clases\INSO 4C\Proyectos 4\Proyecto Grafica\proyecto-portals\ProgGrafica_2024\lib\Object.cpp(54,59): warning C4244:         ]
C:\Users\cueva\OneDrive\Escritorio\Clases\INSO 4C\Proyectos 4\Proyecto Grafica\proyecto-portals\ProgGrafica_2024\lib\Object.cpp(55,59): warning C4244: '+=': conversión de 'double' a 'T'; posible pérdida de datos
C:\Users\cueva\OneDrive\Escritorio\Clases\INSO 4C\Proyectos 4\Proyecto Grafica\proyecto-portals\ProgGrafica_2024\lib\Object.cpp(55,59): warning C4244:         with
C:\Users\cueva\OneDrive\Escritorio\Clases\INSO 4C\Proyectos 4\Proyecto Grafica\proyecto-portals\ProgGrafica_2024\lib\Object.cpp(55,59): warning C4244:         [
C:\Users\cueva\OneDrive\Escritorio\Clases\INSO 4C\Proyectos 4\Proyecto Grafica\proyecto-portals\ProgGrafica_2024\lib\Object.cpp(55,59): warning C4244:             T=float
C:\Users\cueva\OneDrive\Escritorio\Clases\INSO 4C\Proyectos 4\Proyecto Grafica\proyecto-portals\ProgGrafica_2024\lib\Object.cpp(55,59): warning C4244:         ]
  Render.cpp
  Generando código...
LINK : warning LNK4098: la biblioteca predeterminada'MSVCRT' entra en conflicto con otras bibliotecas; use la biblioteca /NODEFAULTLIB:biblioteca
  ProgGrafica_2024.vcxproj -> C:\Users\cueva\OneDrive\Escritorio\Clases\INSO 4C\Proyectos 4\Proyecto Grafica\proyecto-portals\x64\Debug\ProgGrafica_2024.exe
